<?xml version="1.0" encoding="UTF-8"?>
<!-- Generated by org.testng.reporters.JUnitReportReporter -->
<testsuite hostname="Kunal-PC" name="org.testing.TestCases.Class_TC2" tests="1" failures="0" timestamp="18 Apr 2019 17:16:13 GMT" time="57.500" errors="0">
  <testcase name="SignInSubscription" time="57.500" classname="org.testing.TestCases.Class_TC2"/>
</testsuite> <!-- org.testing.TestCases.Class_TC2 -->
