<?xml version="1.0" encoding="UTF-8"?>
<!-- Generated by org.testng.reporters.JUnitReportReporter -->
<testsuite hostname="Kunal-PC" name="org.testing.TestCases.Class_TC1" tests="1" failures="0" timestamp="18 Apr 2019 17:16:13 GMT" time="57.113" errors="0">
  <testcase name="SignInTrending" time="57.113" classname="org.testing.TestCases.Class_TC1"/>
</testsuite> <!-- org.testing.TestCases.Class_TC1 -->
